<?xml version="1.0" encoding="UTF-8"?>
<testsuite xmlns:xsi="http://www.w3.org/2001/XMLSchema-instance" xsi:noNamespaceSchemaLocation="https://maven.apache.org/surefire/maven-surefire-plugin/xsd/surefire-test-report.xsd" name="com.spoonacular.client.model.GetRecipePriceBreakdownByID200ResponseIngredientsInnerTest" time="0.004" tests="5" errors="0" skipped="0" failures="0">
  <properties>
[...]
</properties>
  <testcase name="priceTest" classname="com.spoonacular.client.model.GetRecipePriceBreakdownByID200ResponseIngredientsInnerTest" time="0.003"/>
  <testcase name="amountTest" classname="com.spoonacular.client.model.GetRecipePriceBreakdownByID200ResponseIngredientsInnerTest" time="0"/>
  <testcase name="imageTest" classname="com.spoonacular.client.model.GetRecipePriceBreakdownByID200ResponseIngredientsInnerTest" time="0"/>
  <testcase name="testGetRecipePriceBreakdownByID200ResponseIngredientsInner" classname="com.spoonacular.client.model.GetRecipePriceBreakdownByID200ResponseIngredientsInnerTest" time="0"/>
  <testcase name="nameTest" classname="com.spoonacular.client.model.GetRecipePriceBreakdownByID200ResponseIngredientsInnerTest" time="0"/>
</testsuite>